{"/Users/stephanecottereau/Desktop/WebstormProjects/express-server-next/src/utils/convert.ts": {"path":"/Users/stephanecottereau/Desktop/WebstormProjects/express-server-next/src/utils/convert.ts","statementMap":{"0":{"start":{"line":4,"column":27},"end":{"line":4,"column":70}},"1":{"start":{"line":4,"column":54},"end":{"line":4,"column":70}},"2":{"start":{"line":6,"column":21},"end":{"line":6,"column":65}},"3":{"start":{"line":6,"column":48},"end":{"line":6,"column":65}},"4":{"start":{"line":8,"column":29},"end":{"line":11,"column":1}},"5":{"start":{"line":9,"column":2},"end":{"line":9,"column":44}},"6":{"start":{"line":9,"column":35},"end":{"line":9,"column":44}},"7":{"start":{"line":10,"column":2},"end":{"line":10,"column":18}},"8":{"start":{"line":13,"column":44},"end":{"line":38,"column":1}},"9":{"start":{"line":18,"column":20},"end":{"line":18,"column":37}},"10":{"start":{"line":19,"column":15},"end":{"line":19,"column":41}},"11":{"start":{"line":23,"column":24},"end":{"line":23,"column":49}},"12":{"start":{"line":26,"column":30},"end":{"line":26,"column":61}},"13":{"start":{"line":27,"column":21},"end":{"line":29,"column":39}},"14":{"start":{"line":37,"column":2},"end":{"line":37,"column":57}},"15":{"start":{"line":40,"column":41},"end":{"line":63,"column":1}},"16":{"start":{"line":45,"column":27},"end":{"line":45,"column":44}},"17":{"start":{"line":46,"column":25},"end":{"line":46,"column":67}},"18":{"start":{"line":47,"column":28},"end":{"line":47,"column":62}},"19":{"start":{"line":48,"column":28},"end":{"line":48,"column":54}},"20":{"start":{"line":49,"column":2},"end":{"line":49,"column":48}},"21":{"start":{"line":50,"column":2},"end":{"line":50,"column":49}},"22":{"start":{"line":51,"column":2},"end":{"line":51,"column":55}},"23":{"start":{"line":52,"column":2},"end":{"line":52,"column":55}},"24":{"start":{"line":55,"column":18},"end":{"line":55,"column":49}},"25":{"start":{"line":58,"column":20},"end":{"line":58,"column":40}},"26":{"start":{"line":59,"column":2},"end":{"line":59,"column":48}},"27":{"start":{"line":60,"column":2},"end":{"line":60,"column":53}},"28":{"start":{"line":61,"column":2},"end":{"line":61,"column":35}},"29":{"start":{"line":62,"column":2},"end":{"line":62,"column":39}},"30":{"start":{"line":65,"column":27},"end":{"line":76,"column":1}},"31":{"start":{"line":66,"column":21},"end":{"line":66,"column":36}},"32":{"start":{"line":67,"column":15},"end":{"line":67,"column":38}},"33":{"start":{"line":68,"column":18},"end":{"line":68,"column":41}},"34":{"start":{"line":70,"column":2},"end":{"line":75,"column":3}},"35":{"start":{"line":78,"column":27},"end":{"line":86,"column":1}},"36":{"start":{"line":79,"column":12},"end":{"line":79,"column":24}},"37":{"start":{"line":81,"column":2},"end":{"line":85,"column":3}},"38":{"start":{"line":88,"column":37},"end":{"line":101,"column":1}},"39":{"start":{"line":91,"column":15},"end":{"line":91,"column":37}},"40":{"start":{"line":92,"column":14},"end":{"line":92,"column":22}},"41":{"start":{"line":93,"column":17},"end":{"line":93,"column":27}},"42":{"start":{"line":95,"column":2},"end":{"line":95,"column":34}},"43":{"start":{"line":95,"column":24},"end":{"line":95,"column":34}},"44":{"start":{"line":97,"column":2},"end":{"line":100,"column":3}}},"fnMap":{"0":{"name":"(anonymous_0)","decl":{"start":{"line":4,"column":27},"end":{"line":4,"column":28}},"loc":{"start":{"line":4,"column":54},"end":{"line":4,"column":70}},"line":4},"1":{"name":"(anonymous_1)","decl":{"start":{"line":6,"column":21},"end":{"line":6,"column":22}},"loc":{"start":{"line":6,"column":48},"end":{"line":6,"column":65}},"line":6},"2":{"name":"(anonymous_2)","decl":{"start":{"line":8,"column":29},"end":{"line":8,"column":30}},"loc":{"start":{"line":8,"column":53},"end":{"line":11,"column":1}},"line":8},"3":{"name":"(anonymous_3)","decl":{"start":{"line":13,"column":44},"end":{"line":13,"column":45}},"loc":{"start":{"line":16,"column":13},"end":{"line":38,"column":1}},"line":16},"4":{"name":"(anonymous_4)","decl":{"start":{"line":40,"column":41},"end":{"line":40,"column":42}},"loc":{"start":{"line":40,"column":47},"end":{"line":63,"column":1}},"line":40},"5":{"name":"(anonymous_5)","decl":{"start":{"line":65,"column":27},"end":{"line":65,"column":28}},"loc":{"start":{"line":65,"column":56},"end":{"line":76,"column":1}},"line":65},"6":{"name":"(anonymous_6)","decl":{"start":{"line":78,"column":27},"end":{"line":78,"column":28}},"loc":{"start":{"line":78,"column":56},"end":{"line":86,"column":1}},"line":78},"7":{"name":"(anonymous_7)","decl":{"start":{"line":88,"column":37},"end":{"line":88,"column":38}},"loc":{"start":{"line":90,"column":26},"end":{"line":101,"column":1}},"line":90}},"branchMap":{"0":{"loc":{"start":{"line":9,"column":2},"end":{"line":9,"column":44}},"type":"if","locations":[{"start":{"line":9,"column":2},"end":{"line":9,"column":44}},{"start":{},"end":{}}],"line":9},"1":{"loc":{"start":{"line":72,"column":18},"end":{"line":72,"column":47}},"type":"cond-expr","locations":[{"start":{"line":72,"column":31},"end":{"line":72,"column":40}},{"start":{"line":72,"column":43},"end":{"line":72,"column":47}}],"line":72},"2":{"loc":{"start":{"line":73,"column":6},"end":{"line":73,"column":63}},"type":"cond-expr","locations":[{"start":{"line":73,"column":40},"end":{"line":73,"column":47}},{"start":{"line":73,"column":50},"end":{"line":73,"column":63}}],"line":73},"3":{"loc":{"start":{"line":74,"column":7},"end":{"line":74,"column":31}},"type":"cond-expr","locations":[{"start":{"line":74,"column":20},"end":{"line":74,"column":24}},{"start":{"line":74,"column":27},"end":{"line":74,"column":31}}],"line":74},"4":{"loc":{"start":{"line":95,"column":2},"end":{"line":95,"column":34}},"type":"if","locations":[{"start":{"line":95,"column":2},"end":{"line":95,"column":34}},{"start":{},"end":{}}],"line":95},"5":{"loc":{"start":{"line":99,"column":13},"end":{"line":99,"column":65}},"type":"cond-expr","locations":[{"start":{"line":99,"column":40},"end":{"line":99,"column":45}},{"start":{"line":99,"column":48},"end":{"line":99,"column":65}}],"line":99}},"s":{"0":1,"1":0,"2":1,"3":0,"4":1,"5":1,"6":0,"7":1,"8":1,"9":1,"10":1,"11":1,"12":1,"13":1,"14":1,"15":1,"16":0,"17":0,"18":0,"19":0,"20":0,"21":0,"22":0,"23":0,"24":0,"25":0,"26":0,"27":0,"28":0,"29":0,"30":1,"31":0,"32":0,"33":0,"34":0,"35":1,"36":0,"37":0,"38":1,"39":0,"40":0,"41":0,"42":0,"43":0,"44":0},"f":{"0":0,"1":0,"2":1,"3":1,"4":0,"5":0,"6":0,"7":0},"b":{"0":[0,1],"1":[0,0],"2":[0,0],"3":[0,0],"4":[0,0],"5":[0,0]},"_coverageSchema":"1a1c01bbd47fc00a2c39e90264f33305004495a9","hash":"ed2f32603a79f92d68890ef07bb75bff3e71098f"}
}
